2016/01/23 10:26:24 [error] [system.db.CDbCommand] CDbCommand::fetchAll() falló: SQLSTATE[42S02]: Base table or view not found: 1146 Table 'nominagm.Nomina' doesn't exist. La sentencia SQL ejecutada fue: SHOW FULL COLUMNS FROM `Nomina`.
in /var/www/proyecto4/protected/controllers/NominaController.php (273)
in /var/www/proyecto4/index.php (13)
2016/01/23 10:26:24 [error] [exception.CDbException] exception 'CDbException' with message 'La tabla "Nomina" definida en la clase active record "Nomina" no se ha podido encontrar en la base de datos.' in /var/www/yii/framework/db/ar/CActiveRecord.php:2385
Stack trace:
#0 /var/www/yii/framework/db/ar/CActiveRecord.php(411): CActiveRecordMetaData->__construct(Object(Nomina))
#1 /var/www/yii/framework/db/ar/CActiveRecord.php(79): CActiveRecord->getMetaData()
#2 /var/www/proyecto4/protected/controllers/NominaController.php(273): CActiveRecord->__construct('search')
#3 /var/www/yii/framework/web/actions/CInlineAction.php(49): NominaController->actionAdmin()
#4 /var/www/yii/framework/web/CController.php(308): CInlineAction->runWithParams(Array)
#5 /var/www/yii/framework/web/filters/CFilterChain.php(133): CController->runAction(Object(CInlineAction))
#6 /var/www/yii/framework/web/filters/CFilter.php(40): CFilterChain->run()
#7 /var/www/yii/framework/web/CController.php(1145): CFilter->filter(Object(CFilterChain))
#8 /var/www/yii/framework/web/filters/CInlineFilter.php(58): CController->filterAccessControl(Object(CFilterChain))
#9 /var/www/yii/framework/web/filters/CFilterChain.php(130): CInlineFilter->filter(Object(CFilterChain))
#10 /var/www/yii/framework/web/CController.php(291): CFilterChain->run()
#11 /var/www/yii/framework/web/CController.php(265): CController->runActionWithFilters(Object(CInlineAction), Array)
#12 /var/www/yii/framework/web/CWebApplication.php(282): CController->run('admin')
#13 /var/www/yii/framework/web/CWebApplication.php(141): CWebApplication->runController('nomina/admin')
#14 /var/www/yii/framework/base/CApplication.php(184): CWebApplication->processRequest()
#15 /var/www/proyecto4/index.php(13): CApplication->run()
#16 {main}
REQUEST_URI=/proyecto4/index.php?r=nomina/admin
HTTP_REFERER=http://localhost/proyecto4/index.php?r=conceptos/admin
---
2016/01/23 10:28:10 [error] [system.db.CDbCommand] CDbCommand::fetchAll() falló: SQLSTATE[42S02]: Base table or view not found: 1146 Table 'nominagm.Deducciones' doesn't exist. La sentencia SQL ejecutada fue: SHOW FULL COLUMNS FROM `Deducciones`.
in /var/www/proyecto4/protected/controllers/NominaController.php (85)
in /var/www/proyecto4/index.php (13)
2016/01/23 10:28:10 [error] [exception.CDbException] exception 'CDbException' with message 'La tabla "Deducciones" definida en la clase active record "Deducciones" no se ha podido encontrar en la base de datos.' in /var/www/yii/framework/db/ar/CActiveRecord.php:2385
Stack trace:
#0 /var/www/yii/framework/db/ar/CActiveRecord.php(411): CActiveRecordMetaData->__construct(Object(Deducciones))
#1 /var/www/yii/framework/db/ar/CActiveRecord.php(79): CActiveRecord->getMetaData()
#2 /var/www/proyecto4/protected/controllers/NominaController.php(85): CActiveRecord->__construct()
#3 /var/www/yii/framework/web/actions/CInlineAction.php(49): NominaController->actionCreate()
#4 /var/www/yii/framework/web/CController.php(308): CInlineAction->runWithParams(Array)
#5 /var/www/yii/framework/web/filters/CFilterChain.php(133): CController->runAction(Object(CInlineAction))
#6 /var/www/yii/framework/web/filters/CFilter.php(40): CFilterChain->run()
#7 /var/www/yii/framework/web/CController.php(1145): CFilter->filter(Object(CFilterChain))
#8 /var/www/yii/framework/web/filters/CInlineFilter.php(58): CController->filterAccessControl(Object(CFilterChain))
#9 /var/www/yii/framework/web/filters/CFilterChain.php(130): CInlineFilter->filter(Object(CFilterChain))
#10 /var/www/yii/framework/web/CController.php(291): CFilterChain->run()
#11 /var/www/yii/framework/web/CController.php(265): CController->runActionWithFilters(Object(CInlineAction), Array)
#12 /var/www/yii/framework/web/CWebApplication.php(282): CController->run('create')
#13 /var/www/yii/framework/web/CWebApplication.php(141): CWebApplication->runController('nomina/create')
#14 /var/www/yii/framework/base/CApplication.php(184): CWebApplication->processRequest()
#15 /var/www/proyecto4/index.php(13): CApplication->run()
#16 {main}
REQUEST_URI=/proyecto4/index.php?r=nomina/create
HTTP_REFERER=http://localhost/proyecto4/index.php?r=nomina/admin
---
2016/01/23 10:28:48 [error] [system.db.CDbCommand] CDbCommand::fetchAll() falló: SQLSTATE[42S02]: Base table or view not found: 1146 Table 'nominagm.Deducciones' doesn't exist. La sentencia SQL ejecutada fue: SHOW FULL COLUMNS FROM `Deducciones`.
in /var/www/proyecto4/protected/controllers/NominaController.php (85)
in /var/www/proyecto4/index.php (13)
2016/01/23 10:28:48 [error] [exception.CDbException] exception 'CDbException' with message 'La tabla "Deducciones" definida en la clase active record "Deducciones" no se ha podido encontrar en la base de datos.' in /var/www/yii/framework/db/ar/CActiveRecord.php:2385
Stack trace:
#0 /var/www/yii/framework/db/ar/CActiveRecord.php(411): CActiveRecordMetaData->__construct(Object(Deducciones))
#1 /var/www/yii/framework/db/ar/CActiveRecord.php(79): CActiveRecord->getMetaData()
#2 /var/www/proyecto4/protected/controllers/NominaController.php(85): CActiveRecord->__construct()
#3 /var/www/yii/framework/web/actions/CInlineAction.php(49): NominaController->actionCreate()
#4 /var/www/yii/framework/web/CController.php(308): CInlineAction->runWithParams(Array)
#5 /var/www/yii/framework/web/filters/CFilterChain.php(133): CController->runAction(Object(CInlineAction))
#6 /var/www/yii/framework/web/filters/CFilter.php(40): CFilterChain->run()
#7 /var/www/yii/framework/web/CController.php(1145): CFilter->filter(Object(CFilterChain))
#8 /var/www/yii/framework/web/filters/CInlineFilter.php(58): CController->filterAccessControl(Object(CFilterChain))
#9 /var/www/yii/framework/web/filters/CFilterChain.php(130): CInlineFilter->filter(Object(CFilterChain))
#10 /var/www/yii/framework/web/CController.php(291): CFilterChain->run()
#11 /var/www/yii/framework/web/CController.php(265): CController->runActionWithFilters(Object(CInlineAction), Array)
#12 /var/www/yii/framework/web/CWebApplication.php(282): CController->run('create')
#13 /var/www/yii/framework/web/CWebApplication.php(141): CWebApplication->runController('nomina/create')
#14 /var/www/yii/framework/base/CApplication.php(184): CWebApplication->processRequest()
#15 /var/www/proyecto4/index.php(13): CApplication->run()
#16 {main}
REQUEST_URI=/proyecto4/index.php?r=nomina/create
HTTP_REFERER=http://localhost/proyecto4/index.php?r=nomina/admin
---
2016/01/24 21:27:15 [warning] [application] Error al establecer unsafe al atributo "fech_fin" de "Obras".
in C:\xampp\htdocs\proyecto4\protected\controllers\ObrasController.php (82)
in C:\xampp\htdocs\proyecto4\index.php (13)
2016/01/24 21:29:11 [warning] [application] Error al establecer unsafe al atributo "fech_fin" de "Obras".
in C:\xampp\htdocs\proyecto4\protected\controllers\ObrasController.php (82)
in C:\xampp\htdocs\proyecto4\index.php (13)
2016/01/24 21:32:27 [warning] [application] Error al establecer unsafe al atributo "fech_fin" de "Obras".
in C:\xampp\htdocs\proyecto4\protected\controllers\ObrasController.php (82)
in C:\xampp\htdocs\proyecto4\index.php (13)
2016/01/24 21:33:54 [warning] [application] Error al establecer unsafe al atributo "fech_fin" de "Obras".
in C:\xampp\htdocs\proyecto4\protected\controllers\ObrasController.php (82)
in C:\xampp\htdocs\proyecto4\index.php (13)
2016/01/24 21:34:34 [warning] [application] Error al establecer unsafe al atributo "fech_fin" de "Obras".
in C:\xampp\htdocs\proyecto4\protected\controllers\ObrasController.php (82)
in C:\xampp\htdocs\proyecto4\index.php (13)
2016/01/24 23:49:20 [error] [php] Undefined variable: model (C:\xampp\htdocs\proyecto4\protected\views\nomina\_form.php:31)
Stack trace:
#0 C:\xampp\htdocs\yii\framework\web\CController.php(869): NominaController->renderFile()
#1 C:\xampp\htdocs\proyecto4\protected\views\nomina\create.php(15): NominaController->renderPartial()
#2 C:\xampp\htdocs\yii\framework\web\CBaseController.php(126): require()
#3 C:\xampp\htdocs\yii\framework\web\CBaseController.php(95): NominaController->renderInternal()
#4 C:\xampp\htdocs\yii\framework\web\CController.php(869): NominaController->renderFile()
#5 C:\xampp\htdocs\yii\framework\web\CController.php(782): NominaController->renderPartial()
#6 C:\xampp\htdocs\proyecto4\protected\controllers\NominaController.php(155): NominaController->render()
#7 C:\xampp\htdocs\yii\framework\web\actions\CInlineAction.php(49): NominaController->actionCreate()
#8 C:\xampp\htdocs\yii\framework\web\CController.php(308): CInlineAction->runWithParams()
#9 C:\xampp\htdocs\yii\framework\web\filters\CFilterChain.php(133): NominaController->runAction()
#10 C:\xampp\htdocs\yii\framework\web\filters\CFilter.php(40): CFilterChain->run()
#11 C:\xampp\htdocs\yii\framework\web\CController.php(1145): CAccessControlFilter->filter()
#12 C:\xampp\htdocs\yii\framework\web\filters\CInlineFilter.php(58): NominaController->filterAccessControl()
#13 C:\xampp\htdocs\yii\framework\web\filters\CFilterChain.php(130): CInlineFilter->filter()
#14 C:\xampp\htdocs\yii\framework\web\CController.php(291): CFilterChain->run()
#15 C:\xampp\htdocs\yii\framework\web\CController.php(265): NominaController->runActionWithFilters()
#16 C:\xampp\htdocs\yii\framework\web\CWebApplication.php(282): NominaController->run()
#17 C:\xampp\htdocs\yii\framework\web\CWebApplication.php(141): CWebApplication->runController()
#18 C:\xampp\htdocs\yii\framework\base\CApplication.php(184): CWebApplication->processRequest()
#19 C:\xampp\htdocs\proyecto4\index.php(13): CWebApplication->run()
REQUEST_URI=/proyecto4/index.php?r=nomina/create
in C:\xampp\htdocs\proyecto4\protected\views\nomina\_form.php (31)
in C:\xampp\htdocs\proyecto4\protected\views\nomina\create.php (15)
in C:\xampp\htdocs\proyecto4\protected\controllers\NominaController.php (155)
2016/01/25 02:04:20 [warning] [application] Error al establecer unsafe al atributo "inasistencia" de "Deducciones".
in C:\xampp\htdocs\proyecto4\protected\controllers\NominaController.php (92)
in C:\xampp\htdocs\proyecto4\index.php (13)
